<?xml version="1.0" encoding="UTF-8"?>
<!-- Generated by org.testng.reporters.JUnitReportReporter -->
<testsuite skipped="0" hostname="DevdasC" name="TestCases.LoginApplication" tests="1" failures="0" timestamp="02 Feb 2019 00:14:38 GMT" time="15.190" errors="0">
  <testcase name="Login" time="15.190" classname="TestCases.LoginApplication"/>
</testsuite> <!-- TestCases.LoginApplication -->
